Flow report for practica1
Sun Sep  8 14:31:57 2019
Quartus II 32-bit Version 13.0.1 Build 232 06/12/2013 Service Pack 1 SJ Web Edition


---------------------
; Table of Contents ;
---------------------
  1. Legal Notice
  2. Flow Summary
  3. Flow Settings
  4. Flow Non-Default Global Settings
  5. Flow Elapsed Time
  6. Flow OS Summary
  7. Flow Log
  8. Flow Messages
  9. Flow Suppressed Messages



----------------
; Legal Notice ;
----------------
Copyright (C) 1991-2013 Altera Corporation
Your use of Altera Corporation's design tools, logic functions 
and other software and tools, and its AMPP partner logic 
functions, and any output files from any of the foregoing 
(including device programming or simulation files), and any 
associated documentation or information are expressly subject 
to the terms and conditions of the Altera Program License 
Subscription Agreement, Altera MegaCore Function License 
Agreement, or other applicable license agreement, including, 
without limitation, that your use is for the sole purpose of 
programming logic devices manufactured by Altera and sold by 
Altera or its authorized distributors.  Please refer to the 
applicable agreement for further details.



+--------------------------------------------------------------------------------------+
; Flow Summary                                                                         ;
+------------------------------------+-------------------------------------------------+
; Flow Status                        ; Successful - Sun Sep  8 14:31:57 2019           ;
; Quartus II 32-bit Version          ; 13.0.1 Build 232 06/12/2013 SP 1 SJ Web Edition ;
; Revision Name                      ; practica1                                       ;
; Top-level Entity Name              ; practica1                                       ;
; Family                             ; Cyclone II                                      ;
; Device                             ; EP2C5T144C8                                     ;
; Timing Models                      ; Final                                           ;
; Total logic elements               ; 7 / 4,608 ( < 1 % )                             ;
;     Total combinational functions  ; 7 / 4,608 ( < 1 % )                             ;
;     Dedicated logic registers      ; 4 / 4,608 ( < 1 % )                             ;
; Total registers                    ; 4                                               ;
; Total pins                         ; 6 / 89 ( 7 % )                                  ;
; Total virtual pins                 ; 0                                               ;
; Total memory bits                  ; 0 / 119,808 ( 0 % )                             ;
; Embedded Multiplier 9-bit elements ; 0 / 26 ( 0 % )                                  ;
; Total PLLs                         ; 0 / 2 ( 0 % )                                   ;
+------------------------------------+-------------------------------------------------+


+-----------------------------------------+
; Flow Settings                           ;
+-------------------+---------------------+
; Option            ; Setting             ;
+-------------------+---------------------+
; Start date & time ; 09/08/2019 14:31:48 ;
; Main task         ; Compilation         ;
; Revision Name     ; practica1           ;
+-------------------+---------------------+


+--------------------------------------------------------------------------------------------------------------------------------+
; Flow Non-Default Global Settings                                                                                               ;
+-------------------------------------+------------------------+---------------+-------------+-----------------------------------+
; Assignment Name                     ; Value                  ; Default Value ; Entity Name ; Section Id                        ;
+-------------------------------------+------------------------+---------------+-------------+-----------------------------------+
; COMPILER_SIGNATURE_ID               ; 0.156797110807949      ; --            ; --          ; --                                ;
; EDA_INPUT_DATA_FORMAT               ; Edif                   ; --            ; --          ; eda_design_synthesis              ;
; EDA_INPUT_VCC_NAME                  ; Vcc                    ; --            ; --          ; eda_design_synthesis              ;
; EDA_OUTPUT_DATA_FORMAT              ; Vhdl                   ; --            ; --          ; eda_simulation                    ;
; EDA_OUTPUT_DATA_FORMAT              ; None                   ; --            ; --          ; eda_board_design_timing           ;
; EDA_OUTPUT_DATA_FORMAT              ; None                   ; --            ; --          ; eda_board_design_symbol           ;
; EDA_OUTPUT_DATA_FORMAT              ; None                   ; --            ; --          ; eda_board_design_signal_integrity ;
; EDA_OUTPUT_DATA_FORMAT              ; None                   ; --            ; --          ; eda_board_design_boundary_scan    ;
; EDA_RUN_TOOL_AUTOMATICALLY          ; On                     ; --            ; --          ; eda_simulation                    ;
; EDA_SIMULATION_TOOL                 ; ModelSim-Altera (VHDL) ; <None>        ; --          ; --                                ;
; MAX_CORE_JUNCTION_TEMP              ; 85                     ; --            ; --          ; --                                ;
; MIN_CORE_JUNCTION_TEMP              ; 0                      ; --            ; --          ; --                                ;
; PARTITION_COLOR                     ; 16764057               ; --            ; --          ; Top                               ;
; PARTITION_FITTER_PRESERVATION_LEVEL ; PLACEMENT_AND_ROUTING  ; --            ; --          ; Top                               ;
; PARTITION_NETLIST_TYPE              ; SOURCE                 ; --            ; --          ; Top                               ;
; PROJECT_OUTPUT_DIRECTORY            ; output_files           ; --            ; --          ; --                                ;
+-------------------------------------+------------------------+---------------+-------------+-----------------------------------+


+-------------------------------------------------------------------------------------------------------------------------------+
; Flow Elapsed Time                                                                                                             ;
+---------------------------+--------------+-------------------------+---------------------+------------------------------------+
; Module Name               ; Elapsed Time ; Average Processors Used ; Peak Virtual Memory ; Total CPU Time (on all processors) ;
+---------------------------+--------------+-------------------------+---------------------+------------------------------------+
; Analysis & Synthesis      ; 00:00:00     ; 1.0                     ; 341 MB              ; 00:00:01                           ;
; Fitter                    ; 00:00:02     ; 1.0                     ; 398 MB              ; 00:00:02                           ;
; Assembler                 ; 00:00:01     ; 1.0                     ; 327 MB              ; 00:00:01                           ;
; TimeQuest Timing Analyzer ; 00:00:00     ; 1.0                     ; 294 MB              ; 00:00:00                           ;
; EDA Netlist Writer        ; 00:00:01     ; 1.0                     ; 309 MB              ; 00:00:00                           ;
; Total                     ; 00:00:04     ; --                      ; --                  ; 00:00:04                           ;
+---------------------------+--------------+-------------------------+---------------------+------------------------------------+


+----------------------------------------------------------------------------------------------+
; Flow OS Summary                                                                              ;
+---------------------------+-------------------+----------------+------------+----------------+
; Module Name               ; Machine Hostname  ; OS Name        ; OS Version ; Processor type ;
+---------------------------+-------------------+----------------+------------+----------------+
; Analysis & Synthesis      ; painkiller-legion ; Ubuntu 18.04.3 ; 18         ; x86_64         ;
; Fitter                    ; painkiller-legion ; Ubuntu 18.04.3 ; 18         ; x86_64         ;
; Assembler                 ; painkiller-legion ; Ubuntu 18.04.3 ; 18         ; x86_64         ;
; TimeQuest Timing Analyzer ; painkiller-legion ; Ubuntu 18.04.3 ; 18         ; x86_64         ;
; EDA Netlist Writer        ; painkiller-legion ; Ubuntu 18.04.3 ; 18         ; x86_64         ;
+---------------------------+-------------------+----------------+------------+----------------+


------------
; Flow Log ;
------------
quartus_map --read_settings_files=on --write_settings_files=off practica1 -c practica1
quartus_fit --read_settings_files=off --write_settings_files=off practica1 -c practica1
quartus_asm --read_settings_files=off --write_settings_files=off practica1 -c practica1
quartus_sta practica1 -c practica1
quartus_eda --read_settings_files=off --write_settings_files=off practica1 -c practica1



